Authtoken saved to configuration file: /home/team-009/.config/ngrok/ngrok.yml
t=2026-03-24T21:13:09+0900 lvl=info msg="no configuration paths supplied"
t=2026-03-24T21:13:09+0900 lvl=dbug msg="ngrok config file at legacy location does not exist" legacy_path=/home/team-009/.ngrok2/ngrok.yml
t=2026-03-24T21:13:09+0900 lvl=info msg="using configuration at default config path" path=/home/team-009/.config/ngrok/ngrok.yml
t=2026-03-24T21:13:09+0900 lvl=info msg="open config file" path=/home/team-009/.config/ngrok/ngrok.yml err=nil
t=2026-03-24T21:13:09+0900 lvl=info msg="FIPS 140 mode" enabled=false
t=2026-03-24T21:13:09+0900 lvl=dbug msg="starting component" obj=app name="signal handler"
t=2026-03-24T21:13:09+0900 lvl=dbug msg="starting component" obj=app name=web
t=2026-03-24T21:13:09+0900 lvl=info msg="starting web service" obj=web addr=127.0.0.1:4040 allow_hosts=[]
t=2026-03-24T21:13:09+0900 lvl=dbug msg="starting component" obj=app name=updater
t=2026-03-24T21:13:09+0900 lvl=dbug msg="starting component" obj=app name="Tunnel session"
t=2026-03-24T21:13:09+0900 lvl=dbug msg="checking for updates periodically" obj=updater interval=6h0m0s
t=2026-03-24T21:13:09+0900 lvl=dbug msg="check for update" obj=updater
t=2026-03-24T21:13:09+0900 lvl=dbug msg="connecting to" obj=tunnels.session addr=connect.ngrok-agent.com:443
t=2026-03-24T21:13:09+0900 lvl=dbug msg=dial obj=tunnels.session network=tcp address=connect.ngrok-agent.com:443 timeout=10s
t=2026-03-24T21:13:09+0900 lvl=dbug msg="no crl found" issuer_subject="CN=connect.ngrok-agent.com,O=ngrok Inc.,L=San Francisco,ST=California,C=US"
t=2026-03-24T21:13:09+0900 lvl=dbug msg="no crl found" issuer_subject="CN=Intermediate CA,OU=prod,O=ngrok Inc,ST=California,C=US"
t=2026-03-24T21:13:09+0900 lvl=dbug msg="overriding CRL distribution point" issuer_subject="CN=Root CA,OU=prod,O=ngrok Inc,L=San Francisco,ST=California,C=US" previous=http://crl.ngrok.com/ngrok.crl new=http://crl.ngrok-agent.com/ngrok.crl
t=2026-03-24T21:13:09+0900 lvl=dbug msg="checking crl" issuer_subject="CN=Root CA,OU=prod,O=ngrok Inc,L=San Francisco,ST=California,C=US" url=http://crl.ngrok-agent.com/ngrok.crl
t=2026-03-24T21:13:10+0900 lvl=dbug msg="successful verify of CRL" issuer_subject="CN=Root CA,OU=prod,O=ngrok Inc,L=San Francisco,ST=California,C=US" url=http://crl.ngrok-agent.com/ngrok.crl check_cert="CN=Root CA,OU=prod,O=ngrok Inc,L=San Francisco,ST=California,C=US"
t=2026-03-24T21:13:10+0900 lvl=dbug msg="found valid crl" issuer_subject="CN=Root CA,OU=prod,O=ngrok Inc,L=San Francisco,ST=California,C=US" url=http://crl.ngrok-agent.com/ngrok.crl
t=2026-03-24T21:13:10+0900 lvl=dbug msg="open stream" obj=tunnels.session obj=csess id=eb2a324859c1 reqtype=0 err=nil
t=2026-03-24T21:13:10+0900 lvl=dbug msg="encode request" obj=tunnels.session obj=csess id=eb2a324859c1 sid=3 req="&{Version:[3 2] ClientID: Extra:{OS:linux Arch:amd64 Authtoken:HIDDEN Version:3.37.1 Hostname: UserAgent:ngrok-agent-go/3.37.1 ({\"proxy_type\":\"none\",\"config_version\":\"3\",\"agent_binary_path\":\"/home/team-009/project/site/ngrok\",\"host_uptime_seconds\":3387218,\"machine_hostname\":\"voltmind-002\",\"machine_name\":\"voltmind-002\",\"os_distro\":\"ubuntu\",\"os_version\":\"24.04\",\"agent_pid\":2868169,\"hashed_hardware_address\":\"893f95e54d42ea65857e9093cf50bfaabb7695a1876c9b579ad9608e87c722b1\"}) ngrok-go/1.12.1 Metadata: Cookie: HeartbeatInterval:10000000000 HeartbeatTolerance:15000000000 Fingerprint:<nil> UpdateUnsupportedError:0xc0009083c0 StopUnsupportedError:0xc0009083c0 RestartUnsupportedError:0xc0009083c0 ProxyType: MutualTLS:false ServiceRun:false ConfigVersion: CustomInterface:false CustomCAs:false ClientType:ngrok-agent-go LegNumber:0}}" err=nil
t=2026-03-24T21:13:10+0900 lvl=dbug msg="decoded response" obj=tunnels.session obj=csess id=eb2a324859c1 sid=3 resp="&{Version:3 ClientID:088e3dcef90b5850e4c454ddb5837137 Error: Extra:{Version:prod Region:jp Cookie:rWbQUuGSu/p06XZCfq5ttS5xHvrD44UW$UzP0EDagqwRqz7db8oat+fOIgI/Zdl7xR2qs1+QR2+Dh40Fpt9liirsMobDM8LnvJTlYcj97vu9FeNKx8JP323lHFzNN5cOKxmlten61oNAgMiXRCrBXzXzp4IFzWS1bJ1WGKUl7pLVw78/OuArCx+fcLtlMyArYE6lHB8ky6cQ9VV/rRn6WX4Ma5eAH8+WKpjXlG7MNEJXc7qa0fNEXGWcMdmO4v8z+keF/CU1E1fHznVLAa/FFGWpbDnp/icK7K9YETQzNK0Ntn/yOEd6Dph7G AccountName:mikazy SessionDuration:0 PlanName:Free Banner:🚪 One gateway for every AI model. Available in early access *now*: https://ngrok.com/r/ai DeprecationWarning:<nil> ConnectAddresses:[]}}" err=nil
t=2026-03-24T21:13:10+0900 lvl=info msg="client session established" obj=tunnels.session
t=2026-03-24T21:13:10+0900 lvl=info msg="tunnel session started" obj=tunnels.session
t=2026-03-24T21:13:10+0900 lvl=dbug msg="received extras" obj=tunnels.session region=jp version=prod
t=2026-03-24T21:13:10+0900 lvl=dbug msg="open stream" obj=tunnels.session obj=csess id=eb2a324859c1 clientid=088e3dcef90b5850e4c454ddb5837137 reqtype=1 err=nil
t=2026-03-24T21:13:10+0900 lvl=dbug msg="encode request" obj=tunnels.session obj=csess id=eb2a324859c1 clientid=088e3dcef90b5850e4c454ddb5837137 sid=7 req="&{ID: ClientID: Proto:https ForwardsTo:http://localhost:8010 ForwardsProto: Opts:0xc0005a0000 Extra:{Name:command_line Token: IPPolicyRef: Metadata: Description: Bindings:[] PoolingEnabled:false}}" err=nil
t=2026-03-24T21:13:10+0900 lvl=dbug msg="decoded response" obj=tunnels.session obj=csess id=eb2a324859c1 clientid=088e3dcef90b5850e4c454ddb5837137 sid=7 resp="&{ClientID:d23f5a2678eaa74bd6022f17e0befe9e URL:https://uncastled-multisonic-ingeborg.ngrok-free.dev Proto:https Opts:map[Auth: BasicAuth:<nil> CircuitBreaker:<nil> Compression:<nil> Domain: HostHeaderRewrite:false Hostname:uncastled-multisonic-ingeborg.ngrok-free.dev IPRestriction:<nil> LocalURLScheme: MutualTLSCA:<nil> OAuth:<nil> OIDC:<nil> Policy:<nil> ProxyProto:0 RequestHeaders:<nil> ResponseHeaders:<nil> Subdomain: TrafficPolicy: URL: UpstreamCAPEM:<nil> UserAgentFilter:<nil> VerifyUpstreamTLS:false WebhookVerification:<nil> WebsocketTCPConverter:<nil>] Error: Extra:{Token:mwJmZFHQAZv5O4lVunn0iXyyrniY7y1T$TaHU6zVEB38b086NTCdTYPegDRCPZo8Ir3ncDz1TndmqoCNIErc1tIjX39pkJYjhEDbNXYaNsH32b59OlTB6mbNEbFWR+I1FB91v4rggf0ZKo4DS5bebM6IStJAokWgsmllYusWukd5wEECqnXYIvQJyPJtwdcXTZUfAmGvrUkK27YipGhHmexDZ23SppNuU6w0YFcbm/lFAVAa+8Cr2BtDQ6bS+3zJ3Jtc9Ff7a7k7U2Lhk+6di/iOuyNGvOxkWQBIBMWEAr7QiZj2u6JQyi+fpwgMvZOgfFurEIi+m/lng6Mr21lln17CFfb2Hdq4dsYPiqB3ZTunF1kHMm80xNrj8c/FNUSVZRC6FgPnsUt351azcTibTxNdbgRH96mmxevmTlvPDgJm3RYZ/B6guejJq+dIwwj6ApM3T3/B4BWSDwtRgkGSt7r7PB8ADJb0wy694eF2ELr3ZIPdRNRsCiYfxq6wD3c22YVlA2KPjIAt/QsLSK0a4Bht0G24va5htpL8WXb3r8eurebAxocm71DIoHggrXDUyu7CHC9VEar3Yv1HqOP3uiQTlJY2ehWwdbYSFYPlqXk6e7vnOVZ3xjbc/mNarHPzHpFbKIGniwp9kaI6f6NR1/64EMKxL0oQFcRf6yXqopBfi5eklIaKFsOW8waqPTrK8ewtE7MN597hpEYO9Q0wkQzoIzjigMBKXXpxV+MaCH/kbAfJIIM4hzl9Izq126qqmsuJ4sj4QfGBjsrh8l+3RL0nsumDBPbXZhDXqZWo2oDWc+BWu6mujiBh36FxluH5JGsf8O8XRSAyqbrGjTw==}}" err=nil
t=2026-03-24T21:13:10+0900 lvl=dbug msg="start tunnel listen" obj=tunnels.session name=command_line proto=https opts="&{URL: Domain: Hostname: Subdomain: Auth: HostHeaderRewrite:false LocalURLScheme:http ProxyProto:0 VerifyUpstreamTLS:false UpstreamCAPEM:[] Compression:<nil> CircuitBreaker:<nil> IPRestriction:<nil> BasicAuth:<nil> OAuth:<nil> OIDC:<nil> WebhookVerification:<nil> MutualTLSCA:<nil> RequestHeaders:<nil> ResponseHeaders:<nil> WebsocketTCPConverter:<nil> UserAgentFilter:<nil> Policy:<nil> TrafficPolicy:}" labels=map[] err=nil
t=2026-03-24T21:13:10+0900 lvl=info msg="started tunnel" obj=tunnels name=command_line addr=http://localhost:8010 url=https://uncastled-multisonic-ingeborg.ngrok-free.dev
t=2026-03-24T21:13:10+0900 lvl=info msg="update available" obj=updater
t=2026-03-24T21:13:11+0900 lvl=info msg=start pg=/api/tunnels id=9851cbaa8a6caf58
t=2026-03-24T21:13:11+0900 lvl=info msg=end pg=/api/tunnels id=9851cbaa8a6caf58 status=200 dur=195.075µs
t=2026-03-24T21:13:11+0900 lvl=info msg=start pg=/api/tunnels id=cae455585e4db59f
t=2026-03-24T21:13:11+0900 lvl=info msg=end pg=/api/tunnels id=cae455585e4db59f status=200 dur=216.97µs
t=2026-03-24T21:13:20+0900 lvl=dbug msg="heartbeat received" obj=tunnels.session obj=csess id=eb2a324859c1 clientid=088e3dcef90b5850e4c454ddb5837137 latency_ms=9
t=2026-03-24T21:13:30+0900 lvl=dbug msg="heartbeat received" obj=tunnels.session obj=csess id=eb2a324859c1 clientid=088e3dcef90b5850e4c454ddb5837137 latency_ms=9
t=2026-03-24T21:13:40+0900 lvl=dbug msg="heartbeat received" obj=tunnels.session obj=csess id=eb2a324859c1 clientid=088e3dcef90b5850e4c454ddb5837137 latency_ms=9
t=2026-03-24T21:13:50+0900 lvl=dbug msg="heartbeat received" obj=tunnels.session obj=csess id=eb2a324859c1 clientid=088e3dcef90b5850e4c454ddb5837137 latency_ms=9
t=2026-03-24T21:14:00+0900 lvl=dbug msg="heartbeat received" obj=tunnels.session obj=csess id=eb2a324859c1 clientid=088e3dcef90b5850e4c454ddb5837137 latency_ms=9
t=2026-03-24T21:14:10+0900 lvl=dbug msg="heartbeat received" obj=tunnels.session obj=csess id=eb2a324859c1 clientid=088e3dcef90b5850e4c454ddb5837137 latency_ms=9
t=2026-03-24T21:14:20+0900 lvl=dbug msg="heartbeat received" obj=tunnels.session obj=csess id=eb2a324859c1 clientid=088e3dcef90b5850e4c454ddb5837137 latency_ms=9
t=2026-03-24T21:14:30+0900 lvl=dbug msg="heartbeat received" obj=tunnels.session obj=csess id=eb2a324859c1 clientid=088e3dcef90b5850e4c454ddb5837137 latency_ms=9
t=2026-03-24T21:14:40+0900 lvl=dbug msg="heartbeat received" obj=tunnels.session obj=csess id=eb2a324859c1 clientid=088e3dcef90b5850e4c454ddb5837137 latency_ms=9
t=2026-03-24T21:14:50+0900 lvl=dbug msg="heartbeat received" obj=tunnels.session obj=csess id=eb2a324859c1 clientid=088e3dcef90b5850e4c454ddb5837137 latency_ms=9
t=2026-03-24T21:15:00+0900 lvl=dbug msg="heartbeat received" obj=tunnels.session obj=csess id=eb2a324859c1 clientid=088e3dcef90b5850e4c454ddb5837137 latency_ms=9
t=2026-03-24T21:15:10+0900 lvl=dbug msg="heartbeat received" obj=tunnels.session obj=csess id=eb2a324859c1 clientid=088e3dcef90b5850e4c454ddb5837137 latency_ms=9
t=2026-03-24T21:15:20+0900 lvl=dbug msg="heartbeat received" obj=tunnels.session obj=csess id=eb2a324859c1 clientid=088e3dcef90b5850e4c454ddb5837137 latency_ms=9
t=2026-03-24T21:15:30+0900 lvl=dbug msg="heartbeat received" obj=tunnels.session obj=csess id=eb2a324859c1 clientid=088e3dcef90b5850e4c454ddb5837137 latency_ms=9
t=2026-03-24T21:15:40+0900 lvl=dbug msg="heartbeat received" obj=tunnels.session obj=csess id=eb2a324859c1 clientid=088e3dcef90b5850e4c454ddb5837137 latency_ms=9
t=2026-03-24T21:15:50+0900 lvl=dbug msg="heartbeat received" obj=tunnels.session obj=csess id=eb2a324859c1 clientid=088e3dcef90b5850e4c454ddb5837137 latency_ms=9
t=2026-03-24T21:16:00+0900 lvl=dbug msg="heartbeat received" obj=tunnels.session obj=csess id=eb2a324859c1 clientid=088e3dcef90b5850e4c454ddb5837137 latency_ms=9
t=2026-03-24T21:16:05+0900 lvl=dbug msg="tunnel Accept" obj=tunnels.session obj=csess id=eb2a324859c1 clientid=088e3dcef90b5850e4c454ddb5837137 reqType=3 remoteAddr=3.113.109.144:443
t=2026-03-24T21:16:05+0900 lvl=dbug msg="dial private connection" id=3a951df6a90e addr=localhost:8010 err=nil
t=2026-03-24T21:16:05+0900 lvl=dbug msg="joining tunnel conn to backend" id=3a951df6a90e header="{ID:d23f5a2678eaa74bd6022f17e0befe9e ClientAddr:133.106.49.157:6959 Proto:https EdgeType:0 PassthroughTLS:false}"
t=2026-03-24T21:16:05+0900 lvl=info msg="join connections" obj=join id=a51f1db4c40d l=127.0.0.1:8010 r=133.106.49.157:6959
t=2026-03-24T21:16:05+0900 lvl=dbug msg="got request" id=085265652509 typ=proxy path=/
t=2026-03-24T21:16:05+0900 lvl=dbug msg="add entry" obj=storage entrysz=1029 sz=0
t=2026-03-24T21:16:05+0900 lvl=dbug msg="add entry" obj=storage entrysz=1029 sz=0
t=2026-03-24T21:16:05+0900 lvl=dbug msg="got response for request" id=085265652509 typ=proxy reqpath=/
t=2026-03-24T21:16:05+0900 lvl=dbug msg="add entry" obj=storage entrysz=1308 sz=0
t=2026-03-24T21:16:05+0900 lvl=dbug msg="add entry" obj=storage entrysz=35670 sz=0
t=2026-03-24T21:16:10+0900 lvl=dbug msg="heartbeat received" obj=tunnels.session obj=csess id=eb2a324859c1 clientid=088e3dcef90b5850e4c454ddb5837137 latency_ms=9
t=2026-03-24T21:16:10+0900 lvl=dbug msg="half join complete" obj=join id=a51f1db4c40d from=127.0.0.1:8010 to=133.106.49.157:6959 nbytes=34641 err=nil
t=2026-03-24T21:16:10+0900 lvl=dbug msg="half join complete" obj=join id=a51f1db4c40d from=133.106.49.157:6959 to=127.0.0.1:8010 nbytes=1029 err=nil
t=2026-03-24T21:16:10+0900 lvl=dbug msg=http.ReadRequest id=085265652509 typ=proxy err=EOF
t=2026-03-24T21:16:10+0900 lvl=dbug msg=close obj=tunnels.session obj=csess id=eb2a324859c1 clientid=088e3dcef90b5850e4c454ddb5837137 id=610d8772b700 type=proxy sess=088e3dcef90b5850e4c454ddb5837137 err=nil
t=2026-03-24T21:16:10+0900 lvl=dbug msg=close id=085265652509 typ=proxy err=nil
t=2026-03-24T21:16:10+0900 lvl=dbug msg=close id=3a951df6a90e err=nil
t=2026-03-24T21:16:10+0900 lvl=dbug msg=http.ReadResponse id=085265652509 typ=proxy err="unexpected EOF"
t=2026-03-24T21:16:10+0900 lvl=dbug msg=close obj=tunnels.session obj=csess id=eb2a324859c1 clientid=088e3dcef90b5850e4c454ddb5837137 id=610d8772b700 type=proxy sess=088e3dcef90b5850e4c454ddb5837137 err=nil
t=2026-03-24T21:16:10+0900 lvl=dbug msg=close id=085265652509 typ=proxy err=nil
t=2026-03-24T21:16:10+0900 lvl=dbug msg=close id=3a951df6a90e err=nil
t=2026-03-24T21:16:10+0900 lvl=dbug msg=close obj=tunnels.session obj=csess id=eb2a324859c1 clientid=088e3dcef90b5850e4c454ddb5837137 id=610d8772b700 type=proxy sess=088e3dcef90b5850e4c454ddb5837137 err=nil
t=2026-03-24T21:16:10+0900 lvl=dbug msg=close id=085265652509 typ=proxy err=nil
t=2026-03-24T21:16:10+0900 lvl=dbug msg=close obj=tunnels.session obj=csess id=eb2a324859c1 clientid=088e3dcef90b5850e4c454ddb5837137 id=610d8772b700 type=proxy sess=088e3dcef90b5850e4c454ddb5837137 err=nil
t=2026-03-24T21:16:10+0900 lvl=dbug msg=close id=085265652509 typ=proxy err=nil
t=2026-03-24T21:16:10+0900 lvl=dbug msg=close obj=tunnels.session obj=csess id=eb2a324859c1 clientid=088e3dcef90b5850e4c454ddb5837137 id=610d8772b700 type=proxy sess=088e3dcef90b5850e4c454ddb5837137 err=nil
t=2026-03-24T21:16:10+0900 lvl=dbug msg=close id=085265652509 typ=proxy err=nil
t=2026-03-24T21:16:20+0900 lvl=dbug msg="heartbeat received" obj=tunnels.session obj=csess id=eb2a324859c1 clientid=088e3dcef90b5850e4c454ddb5837137 latency_ms=9
t=2026-03-24T21:16:30+0900 lvl=dbug msg="heartbeat received" obj=tunnels.session obj=csess id=eb2a324859c1 clientid=088e3dcef90b5850e4c454ddb5837137 latency_ms=9
t=2026-03-24T21:16:40+0900 lvl=dbug msg="heartbeat received" obj=tunnels.session obj=csess id=eb2a324859c1 clientid=088e3dcef90b5850e4c454ddb5837137 latency_ms=9
t=2026-03-24T21:16:50+0900 lvl=dbug msg="heartbeat received" obj=tunnels.session obj=csess id=eb2a324859c1 clientid=088e3dcef90b5850e4c454ddb5837137 latency_ms=9
t=2026-03-24T21:17:00+0900 lvl=dbug msg="heartbeat received" obj=tunnels.session obj=csess id=eb2a324859c1 clientid=088e3dcef90b5850e4c454ddb5837137 latency_ms=9
t=2026-03-24T21:17:10+0900 lvl=dbug msg="heartbeat received" obj=tunnels.session obj=csess id=eb2a324859c1 clientid=088e3dcef90b5850e4c454ddb5837137 latency_ms=9
t=2026-03-24T21:17:20+0900 lvl=dbug msg="heartbeat received" obj=tunnels.session obj=csess id=eb2a324859c1 clientid=088e3dcef90b5850e4c454ddb5837137 latency_ms=9
t=2026-03-24T21:17:30+0900 lvl=dbug msg="heartbeat received" obj=tunnels.session obj=csess id=eb2a324859c1 clientid=088e3dcef90b5850e4c454ddb5837137 latency_ms=9
t=2026-03-24T21:17:40+0900 lvl=dbug msg="heartbeat received" obj=tunnels.session obj=csess id=eb2a324859c1 clientid=088e3dcef90b5850e4c454ddb5837137 latency_ms=9
t=2026-03-24T21:17:50+0900 lvl=dbug msg="heartbeat received" obj=tunnels.session obj=csess id=eb2a324859c1 clientid=088e3dcef90b5850e4c454ddb5837137 latency_ms=9
t=2026-03-24T21:18:00+0900 lvl=dbug msg="heartbeat received" obj=tunnels.session obj=csess id=eb2a324859c1 clientid=088e3dcef90b5850e4c454ddb5837137 latency_ms=9
t=2026-03-24T21:18:10+0900 lvl=dbug msg="heartbeat received" obj=tunnels.session obj=csess id=eb2a324859c1 clientid=088e3dcef90b5850e4c454ddb5837137 latency_ms=9
t=2026-03-24T21:18:20+0900 lvl=dbug msg="heartbeat received" obj=tunnels.session obj=csess id=eb2a324859c1 clientid=088e3dcef90b5850e4c454ddb5837137 latency_ms=9
t=2026-03-24T21:18:30+0900 lvl=dbug msg="heartbeat received" obj=tunnels.session obj=csess id=eb2a324859c1 clientid=088e3dcef90b5850e4c454ddb5837137 latency_ms=9
t=2026-03-24T21:18:40+0900 lvl=dbug msg="heartbeat received" obj=tunnels.session obj=csess id=eb2a324859c1 clientid=088e3dcef90b5850e4c454ddb5837137 latency_ms=9
t=2026-03-24T21:18:50+0900 lvl=dbug msg="heartbeat received" obj=tunnels.session obj=csess id=eb2a324859c1 clientid=088e3dcef90b5850e4c454ddb5837137 latency_ms=9
t=2026-03-24T21:19:00+0900 lvl=dbug msg="heartbeat received" obj=tunnels.session obj=csess id=eb2a324859c1 clientid=088e3dcef90b5850e4c454ddb5837137 latency_ms=9
t=2026-03-24T21:19:10+0900 lvl=dbug msg="heartbeat received" obj=tunnels.session obj=csess id=eb2a324859c1 clientid=088e3dcef90b5850e4c454ddb5837137 latency_ms=9
t=2026-03-24T21:19:20+0900 lvl=dbug msg="heartbeat received" obj=tunnels.session obj=csess id=eb2a324859c1 clientid=088e3dcef90b5850e4c454ddb5837137 latency_ms=9
t=2026-03-24T21:19:30+0900 lvl=dbug msg="heartbeat received" obj=tunnels.session obj=csess id=eb2a324859c1 clientid=088e3dcef90b5850e4c454ddb5837137 latency_ms=9
t=2026-03-24T21:19:40+0900 lvl=dbug msg="heartbeat received" obj=tunnels.session obj=csess id=eb2a324859c1 clientid=088e3dcef90b5850e4c454ddb5837137 latency_ms=9
t=2026-03-24T21:19:50+0900 lvl=dbug msg="heartbeat received" obj=tunnels.session obj=csess id=eb2a324859c1 clientid=088e3dcef90b5850e4c454ddb5837137 latency_ms=9
t=2026-03-24T21:20:00+0900 lvl=dbug msg="heartbeat received" obj=tunnels.session obj=csess id=eb2a324859c1 clientid=088e3dcef90b5850e4c454ddb5837137 latency_ms=9
t=2026-03-24T21:20:10+0900 lvl=dbug msg="heartbeat received" obj=tunnels.session obj=csess id=eb2a324859c1 clientid=088e3dcef90b5850e4c454ddb5837137 latency_ms=9
t=2026-03-24T21:20:20+0900 lvl=dbug msg="heartbeat received" obj=tunnels.session obj=csess id=eb2a324859c1 clientid=088e3dcef90b5850e4c454ddb5837137 latency_ms=9
t=2026-03-24T21:20:30+0900 lvl=dbug msg="heartbeat received" obj=tunnels.session obj=csess id=eb2a324859c1 clientid=088e3dcef90b5850e4c454ddb5837137 latency_ms=9
t=2026-03-24T21:20:40+0900 lvl=dbug msg="heartbeat received" obj=tunnels.session obj=csess id=eb2a324859c1 clientid=088e3dcef90b5850e4c454ddb5837137 latency_ms=9
t=2026-03-24T21:20:50+0900 lvl=dbug msg="heartbeat received" obj=tunnels.session obj=csess id=eb2a324859c1 clientid=088e3dcef90b5850e4c454ddb5837137 latency_ms=9
t=2026-03-24T21:21:00+0900 lvl=dbug msg="heartbeat received" obj=tunnels.session obj=csess id=eb2a324859c1 clientid=088e3dcef90b5850e4c454ddb5837137 latency_ms=9
t=2026-03-24T21:21:10+0900 lvl=dbug msg="heartbeat received" obj=tunnels.session obj=csess id=eb2a324859c1 clientid=088e3dcef90b5850e4c454ddb5837137 latency_ms=9
t=2026-03-24T21:21:20+0900 lvl=dbug msg="heartbeat received" obj=tunnels.session obj=csess id=eb2a324859c1 clientid=088e3dcef90b5850e4c454ddb5837137 latency_ms=9
t=2026-03-24T21:21:30+0900 lvl=dbug msg="heartbeat received" obj=tunnels.session obj=csess id=eb2a324859c1 clientid=088e3dcef90b5850e4c454ddb5837137 latency_ms=9
t=2026-03-24T21:21:40+0900 lvl=dbug msg="heartbeat received" obj=tunnels.session obj=csess id=eb2a324859c1 clientid=088e3dcef90b5850e4c454ddb5837137 latency_ms=9
t=2026-03-24T21:21:50+0900 lvl=dbug msg="heartbeat received" obj=tunnels.session obj=csess id=eb2a324859c1 clientid=088e3dcef90b5850e4c454ddb5837137 latency_ms=9
t=2026-03-24T21:22:00+0900 lvl=dbug msg="heartbeat received" obj=tunnels.session obj=csess id=eb2a324859c1 clientid=088e3dcef90b5850e4c454ddb5837137 latency_ms=9
t=2026-03-24T21:22:10+0900 lvl=dbug msg="heartbeat received" obj=tunnels.session obj=csess id=eb2a324859c1 clientid=088e3dcef90b5850e4c454ddb5837137 latency_ms=10
t=2026-03-24T21:22:20+0900 lvl=dbug msg="heartbeat received" obj=tunnels.session obj=csess id=eb2a324859c1 clientid=088e3dcef90b5850e4c454ddb5837137 latency_ms=9
t=2026-03-24T21:22:30+0900 lvl=dbug msg="heartbeat received" obj=tunnels.session obj=csess id=eb2a324859c1 clientid=088e3dcef90b5850e4c454ddb5837137 latency_ms=9
t=2026-03-24T21:22:40+0900 lvl=dbug msg="heartbeat received" obj=tunnels.session obj=csess id=eb2a324859c1 clientid=088e3dcef90b5850e4c454ddb5837137 latency_ms=9
t=2026-03-24T21:22:50+0900 lvl=dbug msg="heartbeat received" obj=tunnels.session obj=csess id=eb2a324859c1 clientid=088e3dcef90b5850e4c454ddb5837137 latency_ms=9
t=2026-03-24T21:23:00+0900 lvl=dbug msg="heartbeat received" obj=tunnels.session obj=csess id=eb2a324859c1 clientid=088e3dcef90b5850e4c454ddb5837137 latency_ms=9
t=2026-03-24T21:23:10+0900 lvl=dbug msg="heartbeat received" obj=tunnels.session obj=csess id=eb2a324859c1 clientid=088e3dcef90b5850e4c454ddb5837137 latency_ms=9
t=2026-03-24T21:23:20+0900 lvl=dbug msg="heartbeat received" obj=tunnels.session obj=csess id=eb2a324859c1 clientid=088e3dcef90b5850e4c454ddb5837137 latency_ms=9
t=2026-03-24T21:23:30+0900 lvl=dbug msg="heartbeat received" obj=tunnels.session obj=csess id=eb2a324859c1 clientid=088e3dcef90b5850e4c454ddb5837137 latency_ms=9
t=2026-03-24T21:23:40+0900 lvl=dbug msg="heartbeat received" obj=tunnels.session obj=csess id=eb2a324859c1 clientid=088e3dcef90b5850e4c454ddb5837137 latency_ms=9
t=2026-03-24T21:23:50+0900 lvl=dbug msg="heartbeat received" obj=tunnels.session obj=csess id=eb2a324859c1 clientid=088e3dcef90b5850e4c454ddb5837137 latency_ms=9
t=2026-03-24T21:24:00+0900 lvl=dbug msg="heartbeat received" obj=tunnels.session obj=csess id=eb2a324859c1 clientid=088e3dcef90b5850e4c454ddb5837137 latency_ms=9
t=2026-03-24T21:24:10+0900 lvl=dbug msg="heartbeat received" obj=tunnels.session obj=csess id=eb2a324859c1 clientid=088e3dcef90b5850e4c454ddb5837137 latency_ms=9
t=2026-03-24T21:24:20+0900 lvl=dbug msg="heartbeat received" obj=tunnels.session obj=csess id=eb2a324859c1 clientid=088e3dcef90b5850e4c454ddb5837137 latency_ms=9
t=2026-03-24T21:24:30+0900 lvl=dbug msg="heartbeat received" obj=tunnels.session obj=csess id=eb2a324859c1 clientid=088e3dcef90b5850e4c454ddb5837137 latency_ms=9
t=2026-03-24T21:24:40+0900 lvl=dbug msg="heartbeat received" obj=tunnels.session obj=csess id=eb2a324859c1 clientid=088e3dcef90b5850e4c454ddb5837137 latency_ms=9
t=2026-03-24T21:24:50+0900 lvl=dbug msg="heartbeat received" obj=tunnels.session obj=csess id=eb2a324859c1 clientid=088e3dcef90b5850e4c454ddb5837137 latency_ms=9
t=2026-03-24T21:25:00+0900 lvl=dbug msg="heartbeat received" obj=tunnels.session obj=csess id=eb2a324859c1 clientid=088e3dcef90b5850e4c454ddb5837137 latency_ms=9
t=2026-03-24T21:25:10+0900 lvl=dbug msg="heartbeat received" obj=tunnels.session obj=csess id=eb2a324859c1 clientid=088e3dcef90b5850e4c454ddb5837137 latency_ms=9
t=2026-03-24T21:25:20+0900 lvl=dbug msg="heartbeat received" obj=tunnels.session obj=csess id=eb2a324859c1 clientid=088e3dcef90b5850e4c454ddb5837137 latency_ms=9
t=2026-03-24T21:25:30+0900 lvl=dbug msg="heartbeat received" obj=tunnels.session obj=csess id=eb2a324859c1 clientid=088e3dcef90b5850e4c454ddb5837137 latency_ms=9
t=2026-03-24T21:25:40+0900 lvl=dbug msg="heartbeat received" obj=tunnels.session obj=csess id=eb2a324859c1 clientid=088e3dcef90b5850e4c454ddb5837137 latency_ms=9
t=2026-03-24T21:25:50+0900 lvl=dbug msg="heartbeat received" obj=tunnels.session obj=csess id=eb2a324859c1 clientid=088e3dcef90b5850e4c454ddb5837137 latency_ms=9
t=2026-03-24T21:26:00+0900 lvl=dbug msg="heartbeat received" obj=tunnels.session obj=csess id=eb2a324859c1 clientid=088e3dcef90b5850e4c454ddb5837137 latency_ms=9
t=2026-03-24T21:26:10+0900 lvl=dbug msg="heartbeat received" obj=tunnels.session obj=csess id=eb2a324859c1 clientid=088e3dcef90b5850e4c454ddb5837137 latency_ms=9
t=2026-03-24T21:26:20+0900 lvl=dbug msg="heartbeat received" obj=tunnels.session obj=csess id=eb2a324859c1 clientid=088e3dcef90b5850e4c454ddb5837137 latency_ms=9
t=2026-03-24T21:26:30+0900 lvl=dbug msg="heartbeat received" obj=tunnels.session obj=csess id=eb2a324859c1 clientid=088e3dcef90b5850e4c454ddb5837137 latency_ms=9
t=2026-03-24T21:26:40+0900 lvl=dbug msg="heartbeat received" obj=tunnels.session obj=csess id=eb2a324859c1 clientid=088e3dcef90b5850e4c454ddb5837137 latency_ms=9
t=2026-03-24T21:26:50+0900 lvl=dbug msg="heartbeat received" obj=tunnels.session obj=csess id=eb2a324859c1 clientid=088e3dcef90b5850e4c454ddb5837137 latency_ms=9
t=2026-03-24T21:27:00+0900 lvl=dbug msg="heartbeat received" obj=tunnels.session obj=csess id=eb2a324859c1 clientid=088e3dcef90b5850e4c454ddb5837137 latency_ms=9
t=2026-03-24T21:27:10+0900 lvl=dbug msg="heartbeat received" obj=tunnels.session obj=csess id=eb2a324859c1 clientid=088e3dcef90b5850e4c454ddb5837137 latency_ms=9
t=2026-03-24T21:27:20+0900 lvl=dbug msg="heartbeat received" obj=tunnels.session obj=csess id=eb2a324859c1 clientid=088e3dcef90b5850e4c454ddb5837137 latency_ms=9
t=2026-03-24T21:27:30+0900 lvl=dbug msg="heartbeat received" obj=tunnels.session obj=csess id=eb2a324859c1 clientid=088e3dcef90b5850e4c454ddb5837137 latency_ms=9
t=2026-03-24T21:27:40+0900 lvl=dbug msg="heartbeat received" obj=tunnels.session obj=csess id=eb2a324859c1 clientid=088e3dcef90b5850e4c454ddb5837137 latency_ms=9
t=2026-03-24T21:27:50+0900 lvl=dbug msg="heartbeat received" obj=tunnels.session obj=csess id=eb2a324859c1 clientid=088e3dcef90b5850e4c454ddb5837137 latency_ms=9
t=2026-03-24T21:28:00+0900 lvl=dbug msg="heartbeat received" obj=tunnels.session obj=csess id=eb2a324859c1 clientid=088e3dcef90b5850e4c454ddb5837137 latency_ms=9
t=2026-03-24T21:28:10+0900 lvl=dbug msg="heartbeat received" obj=tunnels.session obj=csess id=eb2a324859c1 clientid=088e3dcef90b5850e4c454ddb5837137 latency_ms=9
t=2026-03-24T21:28:20+0900 lvl=dbug msg="heartbeat received" obj=tunnels.session obj=csess id=eb2a324859c1 clientid=088e3dcef90b5850e4c454ddb5837137 latency_ms=9
t=2026-03-24T21:28:30+0900 lvl=dbug msg="heartbeat received" obj=tunnels.session obj=csess id=eb2a324859c1 clientid=088e3dcef90b5850e4c454ddb5837137 latency_ms=9
t=2026-03-24T21:28:40+0900 lvl=dbug msg="heartbeat received" obj=tunnels.session obj=csess id=eb2a324859c1 clientid=088e3dcef90b5850e4c454ddb5837137 latency_ms=9
t=2026-03-24T21:28:50+0900 lvl=dbug msg="heartbeat received" obj=tunnels.session obj=csess id=eb2a324859c1 clientid=088e3dcef90b5850e4c454ddb5837137 latency_ms=9
t=2026-03-24T21:29:00+0900 lvl=dbug msg="heartbeat received" obj=tunnels.session obj=csess id=eb2a324859c1 clientid=088e3dcef90b5850e4c454ddb5837137 latency_ms=9
t=2026-03-24T21:29:10+0900 lvl=dbug msg="heartbeat received" obj=tunnels.session obj=csess id=eb2a324859c1 clientid=088e3dcef90b5850e4c454ddb5837137 latency_ms=9
t=2026-03-24T21:29:20+0900 lvl=dbug msg="heartbeat received" obj=tunnels.session obj=csess id=eb2a324859c1 clientid=088e3dcef90b5850e4c454ddb5837137 latency_ms=9
t=2026-03-24T21:29:30+0900 lvl=dbug msg="heartbeat received" obj=tunnels.session obj=csess id=eb2a324859c1 clientid=088e3dcef90b5850e4c454ddb5837137 latency_ms=9
t=2026-03-24T21:29:40+0900 lvl=dbug msg="heartbeat received" obj=tunnels.session obj=csess id=eb2a324859c1 clientid=088e3dcef90b5850e4c454ddb5837137 latency_ms=9
t=2026-03-24T21:29:50+0900 lvl=dbug msg="heartbeat received" obj=tunnels.session obj=csess id=eb2a324859c1 clientid=088e3dcef90b5850e4c454ddb5837137 latency_ms=9
t=2026-03-24T21:30:00+0900 lvl=dbug msg="heartbeat received" obj=tunnels.session obj=csess id=eb2a324859c1 clientid=088e3dcef90b5850e4c454ddb5837137 latency_ms=9
t=2026-03-24T21:30:10+0900 lvl=dbug msg="heartbeat received" obj=tunnels.session obj=csess id=eb2a324859c1 clientid=088e3dcef90b5850e4c454ddb5837137 latency_ms=9
t=2026-03-24T21:30:20+0900 lvl=dbug msg="heartbeat received" obj=tunnels.session obj=csess id=eb2a324859c1 clientid=088e3dcef90b5850e4c454ddb5837137 latency_ms=9
t=2026-03-24T21:30:30+0900 lvl=dbug msg="heartbeat received" obj=tunnels.session obj=csess id=eb2a324859c1 clientid=088e3dcef90b5850e4c454ddb5837137 latency_ms=9
t=2026-03-24T21:30:40+0900 lvl=dbug msg="heartbeat received" obj=tunnels.session obj=csess id=eb2a324859c1 clientid=088e3dcef90b5850e4c454ddb5837137 latency_ms=9
t=2026-03-24T21:30:50+0900 lvl=dbug msg="heartbeat received" obj=tunnels.session obj=csess id=eb2a324859c1 clientid=088e3dcef90b5850e4c454ddb5837137 latency_ms=9
t=2026-03-24T21:31:00+0900 lvl=dbug msg="heartbeat received" obj=tunnels.session obj=csess id=eb2a324859c1 clientid=088e3dcef90b5850e4c454ddb5837137 latency_ms=9
t=2026-03-24T21:31:10+0900 lvl=dbug msg="heartbeat received" obj=tunnels.session obj=csess id=eb2a324859c1 clientid=088e3dcef90b5850e4c454ddb5837137 latency_ms=9
t=2026-03-24T21:31:20+0900 lvl=dbug msg="heartbeat received" obj=tunnels.session obj=csess id=eb2a324859c1 clientid=088e3dcef90b5850e4c454ddb5837137 latency_ms=9
t=2026-03-24T21:31:30+0900 lvl=dbug msg="heartbeat received" obj=tunnels.session obj=csess id=eb2a324859c1 clientid=088e3dcef90b5850e4c454ddb5837137 latency_ms=9
t=2026-03-24T21:31:40+0900 lvl=dbug msg="heartbeat received" obj=tunnels.session obj=csess id=eb2a324859c1 clientid=088e3dcef90b5850e4c454ddb5837137 latency_ms=9
t=2026-03-24T21:31:50+0900 lvl=dbug msg="heartbeat received" obj=tunnels.session obj=csess id=eb2a324859c1 clientid=088e3dcef90b5850e4c454ddb5837137 latency_ms=9
t=2026-03-24T21:32:00+0900 lvl=dbug msg="heartbeat received" obj=tunnels.session obj=csess id=eb2a324859c1 clientid=088e3dcef90b5850e4c454ddb5837137 latency_ms=9
t=2026-03-24T21:32:10+0900 lvl=dbug msg="heartbeat received" obj=tunnels.session obj=csess id=eb2a324859c1 clientid=088e3dcef90b5850e4c454ddb5837137 latency_ms=9
t=2026-03-24T21:32:20+0900 lvl=dbug msg="heartbeat received" obj=tunnels.session obj=csess id=eb2a324859c1 clientid=088e3dcef90b5850e4c454ddb5837137 latency_ms=9
t=2026-03-24T21:32:30+0900 lvl=dbug msg="heartbeat received" obj=tunnels.session obj=csess id=eb2a324859c1 clientid=088e3dcef90b5850e4c454ddb5837137 latency_ms=9
t=2026-03-24T21:32:40+0900 lvl=dbug msg="heartbeat received" obj=tunnels.session obj=csess id=eb2a324859c1 clientid=088e3dcef90b5850e4c454ddb5837137 latency_ms=9
t=2026-03-24T21:32:50+0900 lvl=dbug msg="heartbeat received" obj=tunnels.session obj=csess id=eb2a324859c1 clientid=088e3dcef90b5850e4c454ddb5837137 latency_ms=9
t=2026-03-24T21:33:00+0900 lvl=dbug msg="heartbeat received" obj=tunnels.session obj=csess id=eb2a324859c1 clientid=088e3dcef90b5850e4c454ddb5837137 latency_ms=9
t=2026-03-24T21:33:10+0900 lvl=dbug msg="heartbeat received" obj=tunnels.session obj=csess id=eb2a324859c1 clientid=088e3dcef90b5850e4c454ddb5837137 latency_ms=9
t=2026-03-24T21:33:20+0900 lvl=dbug msg="heartbeat received" obj=tunnels.session obj=csess id=eb2a324859c1 clientid=088e3dcef90b5850e4c454ddb5837137 latency_ms=9
t=2026-03-24T21:33:30+0900 lvl=dbug msg="heartbeat received" obj=tunnels.session obj=csess id=eb2a324859c1 clientid=088e3dcef90b5850e4c454ddb5837137 latency_ms=9
t=2026-03-24T21:33:40+0900 lvl=dbug msg="heartbeat received" obj=tunnels.session obj=csess id=eb2a324859c1 clientid=088e3dcef90b5850e4c454ddb5837137 latency_ms=9
t=2026-03-24T21:33:50+0900 lvl=dbug msg="heartbeat received" obj=tunnels.session obj=csess id=eb2a324859c1 clientid=088e3dcef90b5850e4c454ddb5837137 latency_ms=9
t=2026-03-24T21:34:00+0900 lvl=dbug msg="heartbeat received" obj=tunnels.session obj=csess id=eb2a324859c1 clientid=088e3dcef90b5850e4c454ddb5837137 latency_ms=9
t=2026-03-24T21:34:10+0900 lvl=dbug msg="heartbeat received" obj=tunnels.session obj=csess id=eb2a324859c1 clientid=088e3dcef90b5850e4c454ddb5837137 latency_ms=9
t=2026-03-24T21:34:20+0900 lvl=dbug msg="heartbeat received" obj=tunnels.session obj=csess id=eb2a324859c1 clientid=088e3dcef90b5850e4c454ddb5837137 latency_ms=9
t=2026-03-24T21:34:30+0900 lvl=dbug msg="heartbeat received" obj=tunnels.session obj=csess id=eb2a324859c1 clientid=088e3dcef90b5850e4c454ddb5837137 latency_ms=9
t=2026-03-24T21:34:40+0900 lvl=dbug msg="heartbeat received" obj=tunnels.session obj=csess id=eb2a324859c1 clientid=088e3dcef90b5850e4c454ddb5837137 latency_ms=9
t=2026-03-24T21:34:50+0900 lvl=dbug msg="heartbeat received" obj=tunnels.session obj=csess id=eb2a324859c1 clientid=088e3dcef90b5850e4c454ddb5837137 latency_ms=9
t=2026-03-24T21:35:00+0900 lvl=dbug msg="heartbeat received" obj=tunnels.session obj=csess id=eb2a324859c1 clientid=088e3dcef90b5850e4c454ddb5837137 latency_ms=9
t=2026-03-24T21:35:10+0900 lvl=dbug msg="heartbeat received" obj=tunnels.session obj=csess id=eb2a324859c1 clientid=088e3dcef90b5850e4c454ddb5837137 latency_ms=9
t=2026-03-24T21:35:20+0900 lvl=dbug msg="heartbeat received" obj=tunnels.session obj=csess id=eb2a324859c1 clientid=088e3dcef90b5850e4c454ddb5837137 latency_ms=9
t=2026-03-24T21:35:30+0900 lvl=dbug msg="heartbeat received" obj=tunnels.session obj=csess id=eb2a324859c1 clientid=088e3dcef90b5850e4c454ddb5837137 latency_ms=9
t=2026-03-24T21:35:40+0900 lvl=dbug msg="heartbeat received" obj=tunnels.session obj=csess id=eb2a324859c1 clientid=088e3dcef90b5850e4c454ddb5837137 latency_ms=9
t=2026-03-24T21:35:50+0900 lvl=dbug msg="heartbeat received" obj=tunnels.session obj=csess id=eb2a324859c1 clientid=088e3dcef90b5850e4c454ddb5837137 latency_ms=9
t=2026-03-24T21:36:00+0900 lvl=dbug msg="heartbeat received" obj=tunnels.session obj=csess id=eb2a324859c1 clientid=088e3dcef90b5850e4c454ddb5837137 latency_ms=9
t=2026-03-24T21:36:10+0900 lvl=dbug msg="heartbeat received" obj=tunnels.session obj=csess id=eb2a324859c1 clientid=088e3dcef90b5850e4c454ddb5837137 latency_ms=9
t=2026-03-24T21:36:20+0900 lvl=dbug msg="heartbeat received" obj=tunnels.session obj=csess id=eb2a324859c1 clientid=088e3dcef90b5850e4c454ddb5837137 latency_ms=15
t=2026-03-24T21:36:30+0900 lvl=dbug msg="heartbeat received" obj=tunnels.session obj=csess id=eb2a324859c1 clientid=088e3dcef90b5850e4c454ddb5837137 latency_ms=9
t=2026-03-24T21:36:40+0900 lvl=dbug msg="heartbeat received" obj=tunnels.session obj=csess id=eb2a324859c1 clientid=088e3dcef90b5850e4c454ddb5837137 latency_ms=9
t=2026-03-24T21:36:50+0900 lvl=dbug msg="heartbeat received" obj=tunnels.session obj=csess id=eb2a324859c1 clientid=088e3dcef90b5850e4c454ddb5837137 latency_ms=9
t=2026-03-24T21:37:00+0900 lvl=dbug msg="heartbeat received" obj=tunnels.session obj=csess id=eb2a324859c1 clientid=088e3dcef90b5850e4c454ddb5837137 latency_ms=9
t=2026-03-24T21:37:10+0900 lvl=dbug msg="heartbeat received" obj=tunnels.session obj=csess id=eb2a324859c1 clientid=088e3dcef90b5850e4c454ddb5837137 latency_ms=9
t=2026-03-24T21:37:20+0900 lvl=dbug msg="heartbeat received" obj=tunnels.session obj=csess id=eb2a324859c1 clientid=088e3dcef90b5850e4c454ddb5837137 latency_ms=9
t=2026-03-24T21:37:30+0900 lvl=dbug msg="heartbeat received" obj=tunnels.session obj=csess id=eb2a324859c1 clientid=088e3dcef90b5850e4c454ddb5837137 latency_ms=9
t=2026-03-24T21:37:40+0900 lvl=dbug msg="heartbeat received" obj=tunnels.session obj=csess id=eb2a324859c1 clientid=088e3dcef90b5850e4c454ddb5837137 latency_ms=9
t=2026-03-24T21:37:50+0900 lvl=dbug msg="heartbeat received" obj=tunnels.session obj=csess id=eb2a324859c1 clientid=088e3dcef90b5850e4c454ddb5837137 latency_ms=9
t=2026-03-24T21:38:00+0900 lvl=dbug msg="heartbeat received" obj=tunnels.session obj=csess id=eb2a324859c1 clientid=088e3dcef90b5850e4c454ddb5837137 latency_ms=9
t=2026-03-24T21:38:10+0900 lvl=dbug msg="heartbeat received" obj=tunnels.session obj=csess id=eb2a324859c1 clientid=088e3dcef90b5850e4c454ddb5837137 latency_ms=9
t=2026-03-24T21:38:20+0900 lvl=dbug msg="heartbeat received" obj=tunnels.session obj=csess id=eb2a324859c1 clientid=088e3dcef90b5850e4c454ddb5837137 latency_ms=9
t=2026-03-24T21:38:30+0900 lvl=dbug msg="heartbeat received" obj=tunnels.session obj=csess id=eb2a324859c1 clientid=088e3dcef90b5850e4c454ddb5837137 latency_ms=9
t=2026-03-24T21:38:40+0900 lvl=dbug msg="heartbeat received" obj=tunnels.session obj=csess id=eb2a324859c1 clientid=088e3dcef90b5850e4c454ddb5837137 latency_ms=9
t=2026-03-24T21:38:50+0900 lvl=dbug msg="heartbeat received" obj=tunnels.session obj=csess id=eb2a324859c1 clientid=088e3dcef90b5850e4c454ddb5837137 latency_ms=9
t=2026-03-24T21:39:00+0900 lvl=dbug msg="heartbeat received" obj=tunnels.session obj=csess id=eb2a324859c1 clientid=088e3dcef90b5850e4c454ddb5837137 latency_ms=9
t=2026-03-24T21:39:10+0900 lvl=dbug msg="heartbeat received" obj=tunnels.session obj=csess id=eb2a324859c1 clientid=088e3dcef90b5850e4c454ddb5837137 latency_ms=9
t=2026-03-24T21:39:20+0900 lvl=dbug msg="heartbeat received" obj=tunnels.session obj=csess id=eb2a324859c1 clientid=088e3dcef90b5850e4c454ddb5837137 latency_ms=9
t=2026-03-24T21:39:30+0900 lvl=dbug msg="heartbeat received" obj=tunnels.session obj=csess id=eb2a324859c1 clientid=088e3dcef90b5850e4c454ddb5837137 latency_ms=9
t=2026-03-24T21:39:40+0900 lvl=dbug msg="heartbeat received" obj=tunnels.session obj=csess id=eb2a324859c1 clientid=088e3dcef90b5850e4c454ddb5837137 latency_ms=9
t=2026-03-24T21:39:50+0900 lvl=dbug msg="heartbeat received" obj=tunnels.session obj=csess id=eb2a324859c1 clientid=088e3dcef90b5850e4c454ddb5837137 latency_ms=9
t=2026-03-24T21:40:00+0900 lvl=dbug msg="heartbeat received" obj=tunnels.session obj=csess id=eb2a324859c1 clientid=088e3dcef90b5850e4c454ddb5837137 latency_ms=9
t=2026-03-24T21:40:10+0900 lvl=dbug msg="heartbeat received" obj=tunnels.session obj=csess id=eb2a324859c1 clientid=088e3dcef90b5850e4c454ddb5837137 latency_ms=10
t=2026-03-24T21:40:20+0900 lvl=dbug msg="heartbeat received" obj=tunnels.session obj=csess id=eb2a324859c1 clientid=088e3dcef90b5850e4c454ddb5837137 latency_ms=10
t=2026-03-24T21:40:30+0900 lvl=dbug msg="heartbeat received" obj=tunnels.session obj=csess id=eb2a324859c1 clientid=088e3dcef90b5850e4c454ddb5837137 latency_ms=10
t=2026-03-24T21:40:40+0900 lvl=dbug msg="heartbeat received" obj=tunnels.session obj=csess id=eb2a324859c1 clientid=088e3dcef90b5850e4c454ddb5837137 latency_ms=10
t=2026-03-24T21:40:50+0900 lvl=dbug msg="heartbeat received" obj=tunnels.session obj=csess id=eb2a324859c1 clientid=088e3dcef90b5850e4c454ddb5837137 latency_ms=10
t=2026-03-24T21:41:00+0900 lvl=dbug msg="heartbeat received" obj=tunnels.session obj=csess id=eb2a324859c1 clientid=088e3dcef90b5850e4c454ddb5837137 latency_ms=10
t=2026-03-24T21:41:10+0900 lvl=dbug msg="heartbeat received" obj=tunnels.session obj=csess id=eb2a324859c1 clientid=088e3dcef90b5850e4c454ddb5837137 latency_ms=10
t=2026-03-24T21:41:20+0900 lvl=dbug msg="heartbeat received" obj=tunnels.session obj=csess id=eb2a324859c1 clientid=088e3dcef90b5850e4c454ddb5837137 latency_ms=10
t=2026-03-24T21:41:30+0900 lvl=dbug msg="heartbeat received" obj=tunnels.session obj=csess id=eb2a324859c1 clientid=088e3dcef90b5850e4c454ddb5837137 latency_ms=10
t=2026-03-24T21:41:40+0900 lvl=dbug msg="heartbeat received" obj=tunnels.session obj=csess id=eb2a324859c1 clientid=088e3dcef90b5850e4c454ddb5837137 latency_ms=10
t=2026-03-24T21:41:50+0900 lvl=dbug msg="heartbeat received" obj=tunnels.session obj=csess id=eb2a324859c1 clientid=088e3dcef90b5850e4c454ddb5837137 latency_ms=10
t=2026-03-24T21:42:00+0900 lvl=dbug msg="heartbeat received" obj=tunnels.session obj=csess id=eb2a324859c1 clientid=088e3dcef90b5850e4c454ddb5837137 latency_ms=10
t=2026-03-24T21:42:10+0900 lvl=dbug msg="heartbeat received" obj=tunnels.session obj=csess id=eb2a324859c1 clientid=088e3dcef90b5850e4c454ddb5837137 latency_ms=10
t=2026-03-24T21:42:20+0900 lvl=dbug msg="heartbeat received" obj=tunnels.session obj=csess id=eb2a324859c1 clientid=088e3dcef90b5850e4c454ddb5837137 latency_ms=10
t=2026-03-24T21:42:30+0900 lvl=dbug msg="heartbeat received" obj=tunnels.session obj=csess id=eb2a324859c1 clientid=088e3dcef90b5850e4c454ddb5837137 latency_ms=10
t=2026-03-24T21:42:40+0900 lvl=dbug msg="heartbeat received" obj=tunnels.session obj=csess id=eb2a324859c1 clientid=088e3dcef90b5850e4c454ddb5837137 latency_ms=10
t=2026-03-24T21:42:50+0900 lvl=dbug msg="heartbeat received" obj=tunnels.session obj=csess id=eb2a324859c1 clientid=088e3dcef90b5850e4c454ddb5837137 latency_ms=10
t=2026-03-24T21:43:00+0900 lvl=dbug msg="heartbeat received" obj=tunnels.session obj=csess id=eb2a324859c1 clientid=088e3dcef90b5850e4c454ddb5837137 latency_ms=10
t=2026-03-24T21:43:10+0900 lvl=dbug msg="heartbeat received" obj=tunnels.session obj=csess id=eb2a324859c1 clientid=088e3dcef90b5850e4c454ddb5837137 latency_ms=9
t=2026-03-24T21:43:20+0900 lvl=dbug msg="heartbeat received" obj=tunnels.session obj=csess id=eb2a324859c1 clientid=088e3dcef90b5850e4c454ddb5837137 latency_ms=9
t=2026-03-24T21:43:30+0900 lvl=dbug msg="heartbeat received" obj=tunnels.session obj=csess id=eb2a324859c1 clientid=088e3dcef90b5850e4c454ddb5837137 latency_ms=9
t=2026-03-24T21:43:40+0900 lvl=dbug msg="heartbeat received" obj=tunnels.session obj=csess id=eb2a324859c1 clientid=088e3dcef90b5850e4c454ddb5837137 latency_ms=9
t=2026-03-24T21:43:50+0900 lvl=dbug msg="heartbeat received" obj=tunnels.session obj=csess id=eb2a324859c1 clientid=088e3dcef90b5850e4c454ddb5837137 latency_ms=9
t=2026-03-24T21:44:00+0900 lvl=dbug msg="heartbeat received" obj=tunnels.session obj=csess id=eb2a324859c1 clientid=088e3dcef90b5850e4c454ddb5837137 latency_ms=9
t=2026-03-24T21:44:10+0900 lvl=dbug msg="heartbeat received" obj=tunnels.session obj=csess id=eb2a324859c1 clientid=088e3dcef90b5850e4c454ddb5837137 latency_ms=9
t=2026-03-24T21:44:20+0900 lvl=dbug msg="heartbeat received" obj=tunnels.session obj=csess id=eb2a324859c1 clientid=088e3dcef90b5850e4c454ddb5837137 latency_ms=9
t=2026-03-24T21:44:30+0900 lvl=dbug msg="heartbeat received" obj=tunnels.session obj=csess id=eb2a324859c1 clientid=088e3dcef90b5850e4c454ddb5837137 latency_ms=9
t=2026-03-24T21:44:40+0900 lvl=dbug msg="heartbeat received" obj=tunnels.session obj=csess id=eb2a324859c1 clientid=088e3dcef90b5850e4c454ddb5837137 latency_ms=9
t=2026-03-24T21:44:50+0900 lvl=dbug msg="heartbeat received" obj=tunnels.session obj=csess id=eb2a324859c1 clientid=088e3dcef90b5850e4c454ddb5837137 latency_ms=9
t=2026-03-24T21:45:00+0900 lvl=dbug msg="heartbeat received" obj=tunnels.session obj=csess id=eb2a324859c1 clientid=088e3dcef90b5850e4c454ddb5837137 latency_ms=9
t=2026-03-24T21:45:10+0900 lvl=dbug msg="heartbeat received" obj=tunnels.session obj=csess id=eb2a324859c1 clientid=088e3dcef90b5850e4c454ddb5837137 latency_ms=9
t=2026-03-24T21:45:20+0900 lvl=dbug msg="heartbeat received" obj=tunnels.session obj=csess id=eb2a324859c1 clientid=088e3dcef90b5850e4c454ddb5837137 latency_ms=9
t=2026-03-24T21:45:30+0900 lvl=dbug msg="heartbeat received" obj=tunnels.session obj=csess id=eb2a324859c1 clientid=088e3dcef90b5850e4c454ddb5837137 latency_ms=9
t=2026-03-24T21:45:40+0900 lvl=dbug msg="heartbeat received" obj=tunnels.session obj=csess id=eb2a324859c1 clientid=088e3dcef90b5850e4c454ddb5837137 latency_ms=9
t=2026-03-24T21:45:50+0900 lvl=dbug msg="heartbeat received" obj=tunnels.session obj=csess id=eb2a324859c1 clientid=088e3dcef90b5850e4c454ddb5837137 latency_ms=9
t=2026-03-24T21:46:00+0900 lvl=dbug msg="heartbeat received" obj=tunnels.session obj=csess id=eb2a324859c1 clientid=088e3dcef90b5850e4c454ddb5837137 latency_ms=9
t=2026-03-24T21:46:10+0900 lvl=dbug msg="heartbeat received" obj=tunnels.session obj=csess id=eb2a324859c1 clientid=088e3dcef90b5850e4c454ddb5837137 latency_ms=9
t=2026-03-24T21:46:20+0900 lvl=dbug msg="heartbeat received" obj=tunnels.session obj=csess id=eb2a324859c1 clientid=088e3dcef90b5850e4c454ddb5837137 latency_ms=9
t=2026-03-24T21:46:30+0900 lvl=dbug msg="heartbeat received" obj=tunnels.session obj=csess id=eb2a324859c1 clientid=088e3dcef90b5850e4c454ddb5837137 latency_ms=9
t=2026-03-24T21:46:40+0900 lvl=dbug msg="heartbeat received" obj=tunnels.session obj=csess id=eb2a324859c1 clientid=088e3dcef90b5850e4c454ddb5837137 latency_ms=9
t=2026-03-24T21:46:50+0900 lvl=dbug msg="heartbeat received" obj=tunnels.session obj=csess id=eb2a324859c1 clientid=088e3dcef90b5850e4c454ddb5837137 latency_ms=9
t=2026-03-24T21:47:00+0900 lvl=dbug msg="heartbeat received" obj=tunnels.session obj=csess id=eb2a324859c1 clientid=088e3dcef90b5850e4c454ddb5837137 latency_ms=9
t=2026-03-24T21:47:10+0900 lvl=dbug msg="heartbeat received" obj=tunnels.session obj=csess id=eb2a324859c1 clientid=088e3dcef90b5850e4c454ddb5837137 latency_ms=9
t=2026-03-24T21:47:20+0900 lvl=dbug msg="heartbeat received" obj=tunnels.session obj=csess id=eb2a324859c1 clientid=088e3dcef90b5850e4c454ddb5837137 latency_ms=9
t=2026-03-24T21:47:30+0900 lvl=dbug msg="heartbeat received" obj=tunnels.session obj=csess id=eb2a324859c1 clientid=088e3dcef90b5850e4c454ddb5837137 latency_ms=9
t=2026-03-24T21:47:40+0900 lvl=dbug msg="heartbeat received" obj=tunnels.session obj=csess id=eb2a324859c1 clientid=088e3dcef90b5850e4c454ddb5837137 latency_ms=9
t=2026-03-24T21:47:50+0900 lvl=dbug msg="heartbeat received" obj=tunnels.session obj=csess id=eb2a324859c1 clientid=088e3dcef90b5850e4c454ddb5837137 latency_ms=9
t=2026-03-24T21:48:00+0900 lvl=dbug msg="heartbeat received" obj=tunnels.session obj=csess id=eb2a324859c1 clientid=088e3dcef90b5850e4c454ddb5837137 latency_ms=9
t=2026-03-24T21:48:10+0900 lvl=dbug msg="heartbeat received" obj=tunnels.session obj=csess id=eb2a324859c1 clientid=088e3dcef90b5850e4c454ddb5837137 latency_ms=9
t=2026-03-24T21:48:20+0900 lvl=dbug msg="heartbeat received" obj=tunnels.session obj=csess id=eb2a324859c1 clientid=088e3dcef90b5850e4c454ddb5837137 latency_ms=9
t=2026-03-24T21:48:30+0900 lvl=dbug msg="heartbeat received" obj=tunnels.session obj=csess id=eb2a324859c1 clientid=088e3dcef90b5850e4c454ddb5837137 latency_ms=9
t=2026-03-24T21:48:40+0900 lvl=dbug msg="heartbeat received" obj=tunnels.session obj=csess id=eb2a324859c1 clientid=088e3dcef90b5850e4c454ddb5837137 latency_ms=9
t=2026-03-24T21:48:50+0900 lvl=dbug msg="heartbeat received" obj=tunnels.session obj=csess id=eb2a324859c1 clientid=088e3dcef90b5850e4c454ddb5837137 latency_ms=9
t=2026-03-24T21:49:00+0900 lvl=dbug msg="heartbeat received" obj=tunnels.session obj=csess id=eb2a324859c1 clientid=088e3dcef90b5850e4c454ddb5837137 latency_ms=9
t=2026-03-24T21:49:10+0900 lvl=dbug msg="heartbeat received" obj=tunnels.session obj=csess id=eb2a324859c1 clientid=088e3dcef90b5850e4c454ddb5837137 latency_ms=9
t=2026-03-24T21:49:20+0900 lvl=dbug msg="heartbeat received" obj=tunnels.session obj=csess id=eb2a324859c1 clientid=088e3dcef90b5850e4c454ddb5837137 latency_ms=9
t=2026-03-24T21:49:30+0900 lvl=dbug msg="heartbeat received" obj=tunnels.session obj=csess id=eb2a324859c1 clientid=088e3dcef90b5850e4c454ddb5837137 latency_ms=9
t=2026-03-24T21:49:40+0900 lvl=dbug msg="heartbeat received" obj=tunnels.session obj=csess id=eb2a324859c1 clientid=088e3dcef90b5850e4c454ddb5837137 latency_ms=9
t=2026-03-24T21:49:50+0900 lvl=dbug msg="heartbeat received" obj=tunnels.session obj=csess id=eb2a324859c1 clientid=088e3dcef90b5850e4c454ddb5837137 latency_ms=9
t=2026-03-24T21:50:00+0900 lvl=dbug msg="heartbeat received" obj=tunnels.session obj=csess id=eb2a324859c1 clientid=088e3dcef90b5850e4c454ddb5837137 latency_ms=9
t=2026-03-24T21:50:10+0900 lvl=dbug msg="heartbeat received" obj=tunnels.session obj=csess id=eb2a324859c1 clientid=088e3dcef90b5850e4c454ddb5837137 latency_ms=9
t=2026-03-24T21:50:20+0900 lvl=dbug msg="heartbeat received" obj=tunnels.session obj=csess id=eb2a324859c1 clientid=088e3dcef90b5850e4c454ddb5837137 latency_ms=9
t=2026-03-24T21:50:30+0900 lvl=dbug msg="heartbeat received" obj=tunnels.session obj=csess id=eb2a324859c1 clientid=088e3dcef90b5850e4c454ddb5837137 latency_ms=9
t=2026-03-24T21:50:40+0900 lvl=dbug msg="heartbeat received" obj=tunnels.session obj=csess id=eb2a324859c1 clientid=088e3dcef90b5850e4c454ddb5837137 latency_ms=9
t=2026-03-24T21:50:50+0900 lvl=dbug msg="heartbeat received" obj=tunnels.session obj=csess id=eb2a324859c1 clientid=088e3dcef90b5850e4c454ddb5837137 latency_ms=9
t=2026-03-24T21:51:00+0900 lvl=dbug msg="heartbeat received" obj=tunnels.session obj=csess id=eb2a324859c1 clientid=088e3dcef90b5850e4c454ddb5837137 latency_ms=9
t=2026-03-24T21:51:10+0900 lvl=dbug msg="heartbeat received" obj=tunnels.session obj=csess id=eb2a324859c1 clientid=088e3dcef90b5850e4c454ddb5837137 latency_ms=9
t=2026-03-24T21:51:20+0900 lvl=dbug msg="heartbeat received" obj=tunnels.session obj=csess id=eb2a324859c1 clientid=088e3dcef90b5850e4c454ddb5837137 latency_ms=9
t=2026-03-24T21:51:30+0900 lvl=dbug msg="heartbeat received" obj=tunnels.session obj=csess id=eb2a324859c1 clientid=088e3dcef90b5850e4c454ddb5837137 latency_ms=9
t=2026-03-24T21:51:40+0900 lvl=dbug msg="heartbeat received" obj=tunnels.session obj=csess id=eb2a324859c1 clientid=088e3dcef90b5850e4c454ddb5837137 latency_ms=9
t=2026-03-24T21:51:50+0900 lvl=dbug msg="heartbeat received" obj=tunnels.session obj=csess id=eb2a324859c1 clientid=088e3dcef90b5850e4c454ddb5837137 latency_ms=9
t=2026-03-24T21:52:00+0900 lvl=dbug msg="heartbeat received" obj=tunnels.session obj=csess id=eb2a324859c1 clientid=088e3dcef90b5850e4c454ddb5837137 latency_ms=9
t=2026-03-24T21:52:10+0900 lvl=dbug msg="heartbeat received" obj=tunnels.session obj=csess id=eb2a324859c1 clientid=088e3dcef90b5850e4c454ddb5837137 latency_ms=9
t=2026-03-24T21:52:20+0900 lvl=dbug msg="heartbeat received" obj=tunnels.session obj=csess id=eb2a324859c1 clientid=088e3dcef90b5850e4c454ddb5837137 latency_ms=9
t=2026-03-24T21:52:30+0900 lvl=dbug msg="heartbeat received" obj=tunnels.session obj=csess id=eb2a324859c1 clientid=088e3dcef90b5850e4c454ddb5837137 latency_ms=9
t=2026-03-24T21:52:40+0900 lvl=dbug msg="heartbeat received" obj=tunnels.session obj=csess id=eb2a324859c1 clientid=088e3dcef90b5850e4c454ddb5837137 latency_ms=9
t=2026-03-24T21:52:50+0900 lvl=dbug msg="heartbeat received" obj=tunnels.session obj=csess id=eb2a324859c1 clientid=088e3dcef90b5850e4c454ddb5837137 latency_ms=9
t=2026-03-24T21:53:00+0900 lvl=dbug msg="heartbeat received" obj=tunnels.session obj=csess id=eb2a324859c1 clientid=088e3dcef90b5850e4c454ddb5837137 latency_ms=9
t=2026-03-24T21:53:10+0900 lvl=dbug msg="heartbeat received" obj=tunnels.session obj=csess id=eb2a324859c1 clientid=088e3dcef90b5850e4c454ddb5837137 latency_ms=9
t=2026-03-24T21:53:20+0900 lvl=dbug msg="heartbeat received" obj=tunnels.session obj=csess id=eb2a324859c1 clientid=088e3dcef90b5850e4c454ddb5837137 latency_ms=10
t=2026-03-24T21:53:30+0900 lvl=dbug msg="heartbeat received" obj=tunnels.session obj=csess id=eb2a324859c1 clientid=088e3dcef90b5850e4c454ddb5837137 latency_ms=9
t=2026-03-24T21:53:40+0900 lvl=dbug msg="heartbeat received" obj=tunnels.session obj=csess id=eb2a324859c1 clientid=088e3dcef90b5850e4c454ddb5837137 latency_ms=9
t=2026-03-24T21:53:50+0900 lvl=dbug msg="heartbeat received" obj=tunnels.session obj=csess id=eb2a324859c1 clientid=088e3dcef90b5850e4c454ddb5837137 latency_ms=9
t=2026-03-24T21:54:00+0900 lvl=dbug msg="heartbeat received" obj=tunnels.session obj=csess id=eb2a324859c1 clientid=088e3dcef90b5850e4c454ddb5837137 latency_ms=9
t=2026-03-24T21:54:10+0900 lvl=dbug msg="heartbeat received" obj=tunnels.session obj=csess id=eb2a324859c1 clientid=088e3dcef90b5850e4c454ddb5837137 latency_ms=9
t=2026-03-24T21:54:20+0900 lvl=dbug msg="heartbeat received" obj=tunnels.session obj=csess id=eb2a324859c1 clientid=088e3dcef90b5850e4c454ddb5837137 latency_ms=9
t=2026-03-24T21:54:30+0900 lvl=dbug msg="heartbeat received" obj=tunnels.session obj=csess id=eb2a324859c1 clientid=088e3dcef90b5850e4c454ddb5837137 latency_ms=9
t=2026-03-24T21:54:40+0900 lvl=dbug msg="heartbeat received" obj=tunnels.session obj=csess id=eb2a324859c1 clientid=088e3dcef90b5850e4c454ddb5837137 latency_ms=9
t=2026-03-24T21:54:50+0900 lvl=dbug msg="heartbeat received" obj=tunnels.session obj=csess id=eb2a324859c1 clientid=088e3dcef90b5850e4c454ddb5837137 latency_ms=9
t=2026-03-24T21:55:00+0900 lvl=dbug msg="heartbeat received" obj=tunnels.session obj=csess id=eb2a324859c1 clientid=088e3dcef90b5850e4c454ddb5837137 latency_ms=9
t=2026-03-24T21:55:10+0900 lvl=dbug msg="heartbeat received" obj=tunnels.session obj=csess id=eb2a324859c1 clientid=088e3dcef90b5850e4c454ddb5837137 latency_ms=9
t=2026-03-24T21:55:20+0900 lvl=dbug msg="heartbeat received" obj=tunnels.session obj=csess id=eb2a324859c1 clientid=088e3dcef90b5850e4c454ddb5837137 latency_ms=9
t=2026-03-24T21:55:30+0900 lvl=dbug msg="heartbeat received" obj=tunnels.session obj=csess id=eb2a324859c1 clientid=088e3dcef90b5850e4c454ddb5837137 latency_ms=9
t=2026-03-24T21:55:40+0900 lvl=dbug msg="heartbeat received" obj=tunnels.session obj=csess id=eb2a324859c1 clientid=088e3dcef90b5850e4c454ddb5837137 latency_ms=9
t=2026-03-24T21:55:50+0900 lvl=dbug msg="heartbeat received" obj=tunnels.session obj=csess id=eb2a324859c1 clientid=088e3dcef90b5850e4c454ddb5837137 latency_ms=9
t=2026-03-24T21:56:00+0900 lvl=dbug msg="heartbeat received" obj=tunnels.session obj=csess id=eb2a324859c1 clientid=088e3dcef90b5850e4c454ddb5837137 latency_ms=9
t=2026-03-24T21:56:10+0900 lvl=dbug msg="heartbeat received" obj=tunnels.session obj=csess id=eb2a324859c1 clientid=088e3dcef90b5850e4c454ddb5837137 latency_ms=9
t=2026-03-24T21:56:20+0900 lvl=dbug msg="heartbeat received" obj=tunnels.session obj=csess id=eb2a324859c1 clientid=088e3dcef90b5850e4c454ddb5837137 latency_ms=9
t=2026-03-24T21:56:30+0900 lvl=dbug msg="heartbeat received" obj=tunnels.session obj=csess id=eb2a324859c1 clientid=088e3dcef90b5850e4c454ddb5837137 latency_ms=9
t=2026-03-24T21:56:40+0900 lvl=dbug msg="heartbeat received" obj=tunnels.session obj=csess id=eb2a324859c1 clientid=088e3dcef90b5850e4c454ddb5837137 latency_ms=9
t=2026-03-24T21:56:50+0900 lvl=dbug msg="heartbeat received" obj=tunnels.session obj=csess id=eb2a324859c1 clientid=088e3dcef90b5850e4c454ddb5837137 latency_ms=9
t=2026-03-24T21:57:00+0900 lvl=dbug msg="heartbeat received" obj=tunnels.session obj=csess id=eb2a324859c1 clientid=088e3dcef90b5850e4c454ddb5837137 latency_ms=9
t=2026-03-24T21:57:10+0900 lvl=dbug msg="heartbeat received" obj=tunnels.session obj=csess id=eb2a324859c1 clientid=088e3dcef90b5850e4c454ddb5837137 latency_ms=9
t=2026-03-24T21:57:20+0900 lvl=dbug msg="heartbeat received" obj=tunnels.session obj=csess id=eb2a324859c1 clientid=088e3dcef90b5850e4c454ddb5837137 latency_ms=9
t=2026-03-24T21:57:30+0900 lvl=dbug msg="heartbeat received" obj=tunnels.session obj=csess id=eb2a324859c1 clientid=088e3dcef90b5850e4c454ddb5837137 latency_ms=9
t=2026-03-24T21:57:40+0900 lvl=dbug msg="heartbeat received" obj=tunnels.session obj=csess id=eb2a324859c1 clientid=088e3dcef90b5850e4c454ddb5837137 latency_ms=9
t=2026-03-24T21:57:50+0900 lvl=dbug msg="heartbeat received" obj=tunnels.session obj=csess id=eb2a324859c1 clientid=088e3dcef90b5850e4c454ddb5837137 latency_ms=9
t=2026-03-24T21:58:00+0900 lvl=dbug msg="heartbeat received" obj=tunnels.session obj=csess id=eb2a324859c1 clientid=088e3dcef90b5850e4c454ddb5837137 latency_ms=9
t=2026-03-24T21:58:10+0900 lvl=dbug msg="heartbeat received" obj=tunnels.session obj=csess id=eb2a324859c1 clientid=088e3dcef90b5850e4c454ddb5837137 latency_ms=9
t=2026-03-24T21:58:20+0900 lvl=dbug msg="heartbeat received" obj=tunnels.session obj=csess id=eb2a324859c1 clientid=088e3dcef90b5850e4c454ddb5837137 latency_ms=9
t=2026-03-24T21:58:30+0900 lvl=dbug msg="heartbeat received" obj=tunnels.session obj=csess id=eb2a324859c1 clientid=088e3dcef90b5850e4c454ddb5837137 latency_ms=9
t=2026-03-24T21:58:40+0900 lvl=dbug msg="heartbeat received" obj=tunnels.session obj=csess id=eb2a324859c1 clientid=088e3dcef90b5850e4c454ddb5837137 latency_ms=9
t=2026-03-24T21:58:50+0900 lvl=dbug msg="heartbeat received" obj=tunnels.session obj=csess id=eb2a324859c1 clientid=088e3dcef90b5850e4c454ddb5837137 latency_ms=9
t=2026-03-24T21:59:00+0900 lvl=dbug msg="heartbeat received" obj=tunnels.session obj=csess id=eb2a324859c1 clientid=088e3dcef90b5850e4c454ddb5837137 latency_ms=9
t=2026-03-24T21:59:10+0900 lvl=dbug msg="heartbeat received" obj=tunnels.session obj=csess id=eb2a324859c1 clientid=088e3dcef90b5850e4c454ddb5837137 latency_ms=9
t=2026-03-24T21:59:20+0900 lvl=dbug msg="heartbeat received" obj=tunnels.session obj=csess id=eb2a324859c1 clientid=088e3dcef90b5850e4c454ddb5837137 latency_ms=9
t=2026-03-24T21:59:30+0900 lvl=dbug msg="heartbeat received" obj=tunnels.session obj=csess id=eb2a324859c1 clientid=088e3dcef90b5850e4c454ddb5837137 latency_ms=9
t=2026-03-24T21:59:40+0900 lvl=dbug msg="heartbeat received" obj=tunnels.session obj=csess id=eb2a324859c1 clientid=088e3dcef90b5850e4c454ddb5837137 latency_ms=9
t=2026-03-24T21:59:50+0900 lvl=dbug msg="heartbeat received" obj=tunnels.session obj=csess id=eb2a324859c1 clientid=088e3dcef90b5850e4c454ddb5837137 latency_ms=9
t=2026-03-24T22:00:00+0900 lvl=dbug msg="heartbeat received" obj=tunnels.session obj=csess id=eb2a324859c1 clientid=088e3dcef90b5850e4c454ddb5837137 latency_ms=9
t=2026-03-24T22:00:10+0900 lvl=dbug msg="heartbeat received" obj=tunnels.session obj=csess id=eb2a324859c1 clientid=088e3dcef90b5850e4c454ddb5837137 latency_ms=9
t=2026-03-24T22:00:20+0900 lvl=dbug msg="heartbeat received" obj=tunnels.session obj=csess id=eb2a324859c1 clientid=088e3dcef90b5850e4c454ddb5837137 latency_ms=9
t=2026-03-24T22:00:30+0900 lvl=dbug msg="heartbeat received" obj=tunnels.session obj=csess id=eb2a324859c1 clientid=088e3dcef90b5850e4c454ddb5837137 latency_ms=9
t=2026-03-24T22:00:40+0900 lvl=dbug msg="heartbeat received" obj=tunnels.session obj=csess id=eb2a324859c1 clientid=088e3dcef90b5850e4c454ddb5837137 latency_ms=9
t=2026-03-24T22:00:50+0900 lvl=dbug msg="heartbeat received" obj=tunnels.session obj=csess id=eb2a324859c1 clientid=088e3dcef90b5850e4c454ddb5837137 latency_ms=9
t=2026-03-24T22:01:00+0900 lvl=dbug msg="heartbeat received" obj=tunnels.session obj=csess id=eb2a324859c1 clientid=088e3dcef90b5850e4c454ddb5837137 latency_ms=9
t=2026-03-24T22:01:10+0900 lvl=dbug msg="heartbeat received" obj=tunnels.session obj=csess id=eb2a324859c1 clientid=088e3dcef90b5850e4c454ddb5837137 latency_ms=9
t=2026-03-24T22:01:20+0900 lvl=dbug msg="heartbeat received" obj=tunnels.session obj=csess id=eb2a324859c1 clientid=088e3dcef90b5850e4c454ddb5837137 latency_ms=9
t=2026-03-24T22:01:30+0900 lvl=dbug msg="heartbeat received" obj=tunnels.session obj=csess id=eb2a324859c1 clientid=088e3dcef90b5850e4c454ddb5837137 latency_ms=9
t=2026-03-24T22:01:40+0900 lvl=dbug msg="heartbeat received" obj=tunnels.session obj=csess id=eb2a324859c1 clientid=088e3dcef90b5850e4c454ddb5837137 latency_ms=9
t=2026-03-24T22:01:50+0900 lvl=dbug msg="heartbeat received" obj=tunnels.session obj=csess id=eb2a324859c1 clientid=088e3dcef90b5850e4c454ddb5837137 latency_ms=9
t=2026-03-24T22:02:00+0900 lvl=dbug msg="heartbeat received" obj=tunnels.session obj=csess id=eb2a324859c1 clientid=088e3dcef90b5850e4c454ddb5837137 latency_ms=9
t=2026-03-24T22:02:10+0900 lvl=dbug msg="heartbeat received" obj=tunnels.session obj=csess id=eb2a324859c1 clientid=088e3dcef90b5850e4c454ddb5837137 latency_ms=9
t=2026-03-24T22:02:20+0900 lvl=dbug msg="heartbeat received" obj=tunnels.session obj=csess id=eb2a324859c1 clientid=088e3dcef90b5850e4c454ddb5837137 latency_ms=9
t=2026-03-24T22:02:30+0900 lvl=dbug msg="heartbeat received" obj=tunnels.session obj=csess id=eb2a324859c1 clientid=088e3dcef90b5850e4c454ddb5837137 latency_ms=9
t=2026-03-24T22:02:40+0900 lvl=dbug msg="heartbeat received" obj=tunnels.session obj=csess id=eb2a324859c1 clientid=088e3dcef90b5850e4c454ddb5837137 latency_ms=9
t=2026-03-24T22:02:50+0900 lvl=dbug msg="heartbeat received" obj=tunnels.session obj=csess id=eb2a324859c1 clientid=088e3dcef90b5850e4c454ddb5837137 latency_ms=9
t=2026-03-24T22:03:00+0900 lvl=dbug msg="heartbeat received" obj=tunnels.session obj=csess id=eb2a324859c1 clientid=088e3dcef90b5850e4c454ddb5837137 latency_ms=9
t=2026-03-24T22:03:10+0900 lvl=dbug msg="heartbeat received" obj=tunnels.session obj=csess id=eb2a324859c1 clientid=088e3dcef90b5850e4c454ddb5837137 latency_ms=9
t=2026-03-24T22:03:20+0900 lvl=dbug msg="heartbeat received" obj=tunnels.session obj=csess id=eb2a324859c1 clientid=088e3dcef90b5850e4c454ddb5837137 latency_ms=9
t=2026-03-24T22:03:30+0900 lvl=dbug msg="heartbeat received" obj=tunnels.session obj=csess id=eb2a324859c1 clientid=088e3dcef90b5850e4c454ddb5837137 latency_ms=9
t=2026-03-24T22:03:40+0900 lvl=dbug msg="heartbeat received" obj=tunnels.session obj=csess id=eb2a324859c1 clientid=088e3dcef90b5850e4c454ddb5837137 latency_ms=9
t=2026-03-24T22:03:50+0900 lvl=dbug msg="heartbeat received" obj=tunnels.session obj=csess id=eb2a324859c1 clientid=088e3dcef90b5850e4c454ddb5837137 latency_ms=9
t=2026-03-24T22:04:00+0900 lvl=dbug msg="heartbeat received" obj=tunnels.session obj=csess id=eb2a324859c1 clientid=088e3dcef90b5850e4c454ddb5837137 latency_ms=9
t=2026-03-24T22:04:10+0900 lvl=dbug msg="heartbeat received" obj=tunnels.session obj=csess id=eb2a324859c1 clientid=088e3dcef90b5850e4c454ddb5837137 latency_ms=9
t=2026-03-24T22:04:20+0900 lvl=dbug msg="heartbeat received" obj=tunnels.session obj=csess id=eb2a324859c1 clientid=088e3dcef90b5850e4c454ddb5837137 latency_ms=9
t=2026-03-24T22:04:30+0900 lvl=dbug msg="heartbeat received" obj=tunnels.session obj=csess id=eb2a324859c1 clientid=088e3dcef90b5850e4c454ddb5837137 latency_ms=9
t=2026-03-24T22:04:40+0900 lvl=dbug msg="heartbeat received" obj=tunnels.session obj=csess id=eb2a324859c1 clientid=088e3dcef90b5850e4c454ddb5837137 latency_ms=9
t=2026-03-24T22:04:50+0900 lvl=dbug msg="heartbeat received" obj=tunnels.session obj=csess id=eb2a324859c1 clientid=088e3dcef90b5850e4c454ddb5837137 latency_ms=9
t=2026-03-24T22:05:00+0900 lvl=dbug msg="heartbeat received" obj=tunnels.session obj=csess id=eb2a324859c1 clientid=088e3dcef90b5850e4c454ddb5837137 latency_ms=9
t=2026-03-24T22:05:10+0900 lvl=dbug msg="heartbeat received" obj=tunnels.session obj=csess id=eb2a324859c1 clientid=088e3dcef90b5850e4c454ddb5837137 latency_ms=9
t=2026-03-24T22:05:20+0900 lvl=dbug msg="heartbeat received" obj=tunnels.session obj=csess id=eb2a324859c1 clientid=088e3dcef90b5850e4c454ddb5837137 latency_ms=9
t=2026-03-24T22:05:30+0900 lvl=dbug msg="heartbeat received" obj=tunnels.session obj=csess id=eb2a324859c1 clientid=088e3dcef90b5850e4c454ddb5837137 latency_ms=9
t=2026-03-24T22:05:40+0900 lvl=dbug msg="heartbeat received" obj=tunnels.session obj=csess id=eb2a324859c1 clientid=088e3dcef90b5850e4c454ddb5837137 latency_ms=9
t=2026-03-24T22:05:50+0900 lvl=dbug msg="heartbeat received" obj=tunnels.session obj=csess id=eb2a324859c1 clientid=088e3dcef90b5850e4c454ddb5837137 latency_ms=9
t=2026-03-24T22:06:00+0900 lvl=dbug msg="heartbeat received" obj=tunnels.session obj=csess id=eb2a324859c1 clientid=088e3dcef90b5850e4c454ddb5837137 latency_ms=9
t=2026-03-24T22:06:10+0900 lvl=dbug msg="heartbeat received" obj=tunnels.session obj=csess id=eb2a324859c1 clientid=088e3dcef90b5850e4c454ddb5837137 latency_ms=9
t=2026-03-24T22:06:20+0900 lvl=dbug msg="heartbeat received" obj=tunnels.session obj=csess id=eb2a324859c1 clientid=088e3dcef90b5850e4c454ddb5837137 latency_ms=9
t=2026-03-24T22:06:30+0900 lvl=dbug msg="heartbeat received" obj=tunnels.session obj=csess id=eb2a324859c1 clientid=088e3dcef90b5850e4c454ddb5837137 latency_ms=9
t=2026-03-24T22:06:40+0900 lvl=dbug msg="heartbeat received" obj=tunnels.session obj=csess id=eb2a324859c1 clientid=088e3dcef90b5850e4c454ddb5837137 latency_ms=9
t=2026-03-24T22:06:50+0900 lvl=dbug msg="heartbeat received" obj=tunnels.session obj=csess id=eb2a324859c1 clientid=088e3dcef90b5850e4c454ddb5837137 latency_ms=9
t=2026-03-24T22:07:00+0900 lvl=dbug msg="heartbeat received" obj=tunnels.session obj=csess id=eb2a324859c1 clientid=088e3dcef90b5850e4c454ddb5837137 latency_ms=9
t=2026-03-24T22:07:10+0900 lvl=dbug msg="heartbeat received" obj=tunnels.session obj=csess id=eb2a324859c1 clientid=088e3dcef90b5850e4c454ddb5837137 latency_ms=9
t=2026-03-24T22:07:20+0900 lvl=dbug msg="heartbeat received" obj=tunnels.session obj=csess id=eb2a324859c1 clientid=088e3dcef90b5850e4c454ddb5837137 latency_ms=9
t=2026-03-24T22:07:30+0900 lvl=dbug msg="heartbeat received" obj=tunnels.session obj=csess id=eb2a324859c1 clientid=088e3dcef90b5850e4c454ddb5837137 latency_ms=9
t=2026-03-24T22:07:40+0900 lvl=dbug msg="heartbeat received" obj=tunnels.session obj=csess id=eb2a324859c1 clientid=088e3dcef90b5850e4c454ddb5837137 latency_ms=9
t=2026-03-24T22:07:50+0900 lvl=dbug msg="heartbeat received" obj=tunnels.session obj=csess id=eb2a324859c1 clientid=088e3dcef90b5850e4c454ddb5837137 latency_ms=9
t=2026-03-24T22:08:00+0900 lvl=dbug msg="heartbeat received" obj=tunnels.session obj=csess id=eb2a324859c1 clientid=088e3dcef90b5850e4c454ddb5837137 latency_ms=9
t=2026-03-24T22:08:10+0900 lvl=dbug msg="heartbeat received" obj=tunnels.session obj=csess id=eb2a324859c1 clientid=088e3dcef90b5850e4c454ddb5837137 latency_ms=9
t=2026-03-24T22:08:20+0900 lvl=dbug msg="heartbeat received" obj=tunnels.session obj=csess id=eb2a324859c1 clientid=088e3dcef90b5850e4c454ddb5837137 latency_ms=11
t=2026-03-24T22:08:30+0900 lvl=dbug msg="heartbeat received" obj=tunnels.session obj=csess id=eb2a324859c1 clientid=088e3dcef90b5850e4c454ddb5837137 latency_ms=9
