======================================
 Slurm batch job for FastAPI + ngrok
======================================
[INFO] JOB_ID=1297
[INFO] HOSTNAME=voltmind-002
[INFO] IMAGE=/home/team-009/nvidia+pytorch+25.11-py3.sqsh
[INFO] START=2026-03-21 22:53:31
======================================
 Starting FastAPI + ngrok in container
======================================
[INFO] PROJECT_DIR=/home/team-009/project
[INFO] SITE_DIR=/home/team-009/project/site
[INFO] PYTHON_BIN=/home/team-009/project/venv/bin/python
[INFO] NGROK_BIN=/home/team-009/project/site/ngrok
[INFO] Stopping old processes if any...
[INFO] Waiting for ports to be released...
[INFO] Starting FastAPI...
[INFO] FastAPI PID=2656411
[INFO] Waiting for FastAPI health check...
[INFO] FastAPI started.
[INFO] Starting ngrok...
[INFO] ===== NGROK BLOCK START =====
[INFO] NGROK_BIN=/home/team-009/project/site/ngrok
[INFO] PORT=8010
[INFO] NGROK_LOG=/home/team-009/project/site/logs/ngrok.log
[INFO] NGROK_PID_FILE=/home/team-009/project/site/runtime/ngrok.pid
[INFO] NGROK_URL_FILE=/home/team-009/project/site/runtime/ngrok_public_url.txt
[INFO] configuring ngrok authtoken...
[INFO] launching ngrok...
[INFO] ngrok PID=2656641
[INFO] Waiting for ngrok API...
[INFO] Public URL: https://uncastled-multisonic-ingeborg.ngrok-free.dev
[INFO] ===== NGROK BLOCK END =====
