======================================
 Slurm batch job for FastAPI + ngrok
======================================
[INFO] JOB_ID=1324
[INFO] HOSTNAME=voltmind-002
[INFO] IMAGE=/home/team-009/nvidia+pytorch+25.11-py3.sqsh
[INFO] START=2026-03-24 12:23:21
======================================
 Starting FastAPI + ngrok in container
======================================
[INFO] PROJECT_DIR=/home/team-009/project
[INFO] SITE_DIR=/home/team-009/project/site
[INFO] PYTHON_BIN=/home/team-009/project/venv/bin/python
[INFO] NGROK_BIN=/home/team-009/project/site/ngrok
[INFO] Stopping old processes if any...
[INFO] Waiting for ports to be released...
[INFO] Starting FastAPI...
[INFO] FastAPI PID=2847167
[INFO] Waiting for FastAPI health check...
[ERROR] FastAPI process died.
Traceback (most recent call last):
  File "<frozen runpy>", line 198, in _run_module_as_main
  File "<frozen runpy>", line 88, in _run_code
  File "/home/team-009/project/venv/lib/python3.12/site-packages/uvicorn/__main__.py", line 4, in <module>
    uvicorn.main()
  File "/home/team-009/project/venv/lib/python3.12/site-packages/click/core.py", line 1485, in __call__
    return self.main(*args, **kwargs)
           ^^^^^^^^^^^^^^^^^^^^^^^^^^
  File "/home/team-009/project/venv/lib/python3.12/site-packages/click/core.py", line 1406, in main
    rv = self.invoke(ctx)
         ^^^^^^^^^^^^^^^^
  File "/home/team-009/project/venv/lib/python3.12/site-packages/click/core.py", line 1269, in invoke
    return ctx.invoke(self.callback, **ctx.params)
           ^^^^^^^^^^^^^^^^^^^^^^^^^^^^^^^^^^^^^^^
  File "/home/team-009/project/venv/lib/python3.12/site-packages/click/core.py", line 824, in invoke
    return callback(*args, **kwargs)
           ^^^^^^^^^^^^^^^^^^^^^^^^^
  File "/home/team-009/project/venv/lib/python3.12/site-packages/uvicorn/main.py", line 433, in main
    run(
  File "/home/team-009/project/venv/lib/python3.12/site-packages/uvicorn/main.py", line 606, in run
    server.run()
  File "/home/team-009/project/venv/lib/python3.12/site-packages/uvicorn/server.py", line 75, in run
    return asyncio_run(self.serve(sockets=sockets), loop_factory=self.config.get_loop_factory())
           ^^^^^^^^^^^^^^^^^^^^^^^^^^^^^^^^^^^^^^^^^^^^^^^^^^^^^^^^^^^^^^^^^^^^^^^^^^^^^^^^^^^^^
  File "/usr/lib/python3.12/asyncio/runners.py", line 194, in run
    return runner.run(main)
           ^^^^^^^^^^^^^^^^
  File "/usr/lib/python3.12/asyncio/runners.py", line 118, in run
    return self._loop.run_until_complete(task)
           ^^^^^^^^^^^^^^^^^^^^^^^^^^^^^^^^^^^
  File "uvloop/loop.pyx", line 1518, in uvloop.loop.Loop.run_until_complete
  File "/home/team-009/project/venv/lib/python3.12/site-packages/uvicorn/server.py", line 79, in serve
    await self._serve(sockets)
  File "/home/team-009/project/venv/lib/python3.12/site-packages/uvicorn/server.py", line 86, in _serve
    config.load()
  File "/home/team-009/project/venv/lib/python3.12/site-packages/uvicorn/config.py", line 441, in load
    self.loaded_app = import_from_string(self.app)
                      ^^^^^^^^^^^^^^^^^^^^^^^^^^^^
  File "/home/team-009/project/venv/lib/python3.12/site-packages/uvicorn/importer.py", line 19, in import_from_string
    module = importlib.import_module(module_str)
             ^^^^^^^^^^^^^^^^^^^^^^^^^^^^^^^^^^^
  File "/usr/lib/python3.12/importlib/__init__.py", line 90, in import_module
    return _bootstrap._gcd_import(name[level:], package, level)
           ^^^^^^^^^^^^^^^^^^^^^^^^^^^^^^^^^^^^^^^^^^^^^^^^^^^^
  File "<frozen importlib._bootstrap>", line 1387, in _gcd_import
  File "<frozen importlib._bootstrap>", line 1360, in _find_and_load
  File "<frozen importlib._bootstrap>", line 1331, in _find_and_load_unlocked
  File "<frozen importlib._bootstrap>", line 935, in _load_unlocked
  File "<frozen importlib._bootstrap_external>", line 995, in exec_module
  File "<frozen importlib._bootstrap>", line 488, in _call_with_frames_removed
  File "/home/team-009/project/app/main.py", line 11, in <module>
    from app.routes.upload import router as upload_router
  File "/home/team-009/project/app/routes/upload.py", line 12, in <module>
    from app.services.pipeline import run_pipeline
  File "/home/team-009/project/app/services/pipeline.py", line 14, in <module>
    from app.services.agent_manga_prompt import run as run_manga_prompt
ImportError: cannot import name 'run' from 'app.services.agent_manga_prompt' (/home/team-009/project/app/services/agent_manga_prompt.py)
Checkpoint path: /home/team-009/panns_data/Cnn14_mAP=0.431.pth
Using CPU.
