======================================
 Slurm batch job for FastAPI + ngrok
======================================
[INFO] JOB_ID=1279
[INFO] HOSTNAME=voltmind-002
[INFO] IMAGE=/home/team-009/nvidia+pytorch+25.11-py3.sqsh
[INFO] START=2026-03-21 10:04:27
[INFO] inside container
HOME=/home/team-009
VIRTUAL_ENV=/home/team-009/project/venv
CUDA_VISIBLE_DEVICES=1
cuda_available= True
cuda_device_count= 1
device_name= NVIDIA RTX A5000
======================================
 Starting FastAPI + ngrok in container
======================================
[INFO] PROJECT_DIR=/home/team-009/project
[INFO] SITE_DIR=/home/team-009/project/site
[INFO] PYTHON_BIN=/home/team-009/project/venv/bin/python
[INFO] NGROK_BIN=/home/team-009/project/site/ngrok
[INFO] Stopping old processes if any...
[INFO] Waiting for ports to be released...
[INFO] Starting FastAPI...
[INFO] FastAPI PID=2599838
[INFO] Waiting for FastAPI health check...
